000 (33850690.000.000) 04/25 00:33:19 Job submitted from host: <10.10.35.100:9618?addrs=10.10.35.100-9618&noUDP&sock=10117_ffbd_3>
...
001 (33850690.000.000) 04/25 00:33:20 Job executing on host: <10.10.35.62:9618?addrs=10.10.35.62-9618&noUDP&sock=2563_9552_3>
...
006 (33850690.000.000) 04/25 00:33:29 Image size of job updated: 56236
	3  -  MemoryUsage of job (MB)
	2772  -  ResidentSetSize of job (KB)
...
006 (33850690.000.000) 04/25 00:38:07 Image size of job updated: 13740620
	3  -  MemoryUsage of job (MB)
	2772  -  ResidentSetSize of job (KB)
...
005 (33850690.000.000) 04/25 00:38:07 Job terminated.
	(1) Normal termination (return value 255)
		Usr 0 00:00:50, Sys 0 00:00:05  -  Run Remote Usage
		Usr 0 00:00:00, Sys 0 00:00:00  -  Run Local Usage
		Usr 0 00:00:50, Sys 0 00:00:05  -  Total Remote Usage
		Usr 0 00:00:00, Sys 0 00:00:00  -  Total Local Usage
	0  -  Run Bytes Sent By Job
	0  -  Run Bytes Received By Job
	0  -  Total Bytes Sent By Job
	0  -  Total Bytes Received By Job
	Partitionable Resources :    Usage  Request Allocated Assigned
	   Cpus                 :        0        1         1 
	   Disk (KB)            :     1000     1000    391710 
	   Gpus                 :                 1         1 "CUDA3"
	   Memory (MB)          :        3        1       128 
...
000 (33850692.000.000) 04/25 00:42:41 Job submitted from host: <10.10.35.100:9618?addrs=10.10.35.100-9618&noUDP&sock=10117_ffbd_3>
...
001 (33850692.000.000) 04/25 00:43:00 Job executing on host: <10.10.35.62:9618?addrs=10.10.35.62-9618&noUDP&sock=2563_9552_3>
...
006 (33850692.000.000) 04/25 00:43:08 Image size of job updated: 57532
	3  -  MemoryUsage of job (MB)
	2872  -  ResidentSetSize of job (KB)
...
006 (33850692.000.000) 04/25 00:48:08 Image size of job updated: 13740608
	511  -  MemoryUsage of job (MB)
	522304  -  ResidentSetSize of job (KB)
...
004 (33850692.000.000) 04/25 00:55:26 Job was evicted.
	(0) Job was not checkpointed.
		Usr 0 00:04:04, Sys 0 00:00:22  -  Run Remote Usage
		Usr 0 00:00:00, Sys 0 00:00:00  -  Run Local Usage
	0  -  Run Bytes Sent By Job
	0  -  Run Bytes Received By Job
	Partitionable Resources :    Usage  Request Allocated Assigned
	   Cpus                 :        0        1         1 
	   Disk (KB)            :     1000     1000    391710 
	   Gpus                 :                 1         1 "CUDA3"
	   Memory (MB)          :      511        1       128 
...
009 (33850692.000.000) 04/25 00:55:26 Job was aborted by the user.
	via condor_rm (by user wanghuayang)
...
000 (33850694.000.000) 04/25 01:02:20 Job submitted from host: <10.10.35.100:9618?addrs=10.10.35.100-9618&noUDP&sock=10117_ffbd_3>
...
001 (33850694.000.000) 04/25 01:02:21 Job executing on host: <10.10.35.62:9618?addrs=10.10.35.62-9618&noUDP&sock=2563_9552_3>
...
006 (33850694.000.000) 04/25 01:02:30 Image size of job updated: 56236
	3  -  MemoryUsage of job (MB)
	2868  -  ResidentSetSize of job (KB)
...
006 (33850694.000.000) 04/25 01:07:31 Image size of job updated: 25101076
	2403  -  MemoryUsage of job (MB)
	2460268  -  ResidentSetSize of job (KB)
...
006 (33850694.000.000) 04/25 01:12:32 Image size of job updated: 26616008
	2403  -  MemoryUsage of job (MB)
	2460268  -  ResidentSetSize of job (KB)
...
006 (33850694.000.000) 04/25 01:27:33 Image size of job updated: 39911168
	2403  -  MemoryUsage of job (MB)
	2460268  -  ResidentSetSize of job (KB)
...
006 (33850694.000.000) 04/25 01:32:33 Image size of job updated: 42035500
	2403  -  MemoryUsage of job (MB)
	2460268  -  ResidentSetSize of job (KB)
...
005 (33850694.000.000) 04/25 01:44:52 Job terminated.
	(1) Normal termination (return value 255)
		Usr 0 00:18:10, Sys 0 00:05:57  -  Run Remote Usage
		Usr 0 00:00:00, Sys 0 00:00:00  -  Run Local Usage
		Usr 0 00:18:10, Sys 0 00:05:57  -  Total Remote Usage
		Usr 0 00:00:00, Sys 0 00:00:00  -  Total Local Usage
	0  -  Run Bytes Sent By Job
	0  -  Run Bytes Received By Job
	0  -  Total Bytes Sent By Job
	0  -  Total Bytes Received By Job
	Partitionable Resources :    Usage  Request Allocated Assigned
	   Cpus                 :     1.00        1         1 
	   Disk (KB)            :  1000        1000    391710 
	   Gpus                 :                 1         1 "CUDA3"
	   Memory (MB)          :  2403           1       128 
...
000 (33851460.000.000) 04/25 11:25:57 Job submitted from host: <10.10.35.100:9618?addrs=10.10.35.100-9618&noUDP&sock=10117_ffbd_3>
...
001 (33851460.000.000) 04/25 11:25:58 Job executing on host: <10.10.35.62:9618?addrs=10.10.35.62-9618&noUDP&sock=2563_9552_3>
...
006 (33851460.000.000) 04/25 11:26:07 Image size of job updated: 56236
	10  -  MemoryUsage of job (MB)
	9424  -  ResidentSetSize of job (KB)
...
006 (33851460.000.000) 04/25 11:31:08 Image size of job updated: 26763368
	2908  -  MemoryUsage of job (MB)
	2977192  -  ResidentSetSize of job (KB)
...
006 (33851460.000.000) 04/25 11:36:08 Image size of job updated: 38302756
	2908  -  MemoryUsage of job (MB)
	2977192  -  ResidentSetSize of job (KB)
...
004 (33851460.000.000) 04/25 12:09:48 Job was evicted.
	(0) Job was not checkpointed.
		Usr 0 00:38:45, Sys 0 00:01:11  -  Run Remote Usage
		Usr 0 00:00:00, Sys 0 00:00:00  -  Run Local Usage
	0  -  Run Bytes Sent By Job
	0  -  Run Bytes Received By Job
	Partitionable Resources :    Usage  Request Allocated Assigned
	   Cpus                 :        0        1         1 
	   Disk (KB)            :     1000     1000    391710 
	   Gpus                 :                 1         1 "CUDA0"
	   Memory (MB)          :     2908        1       128 
...
009 (33851460.000.000) 04/25 12:09:48 Job was aborted by the user.
	via condor_rm (by user wanghuayang)
...
000 (33853561.000.000) 04/25 21:21:14 Job submitted from host: <10.10.35.100:9618?addrs=10.10.35.100-9618&noUDP&sock=10117_ffbd_3>
...
001 (33853561.000.000) 04/25 21:21:15 Job executing on host: <10.10.35.62:9618?addrs=10.10.35.62-9618&noUDP&sock=2563_9552_3>
...
006 (33853561.000.000) 04/25 21:21:24 Image size of job updated: 56236
	3  -  MemoryUsage of job (MB)
	2872  -  ResidentSetSize of job (KB)
...
006 (33853561.000.000) 04/25 21:21:58 Image size of job updated: 57796
	3  -  MemoryUsage of job (MB)
	2872  -  ResidentSetSize of job (KB)
...
005 (33853561.000.000) 04/25 21:21:58 Job terminated.
	(1) Normal termination (return value 255)
		Usr 0 00:00:00, Sys 0 00:00:00  -  Run Remote Usage
		Usr 0 00:00:00, Sys 0 00:00:00  -  Run Local Usage
		Usr 0 00:00:00, Sys 0 00:00:00  -  Total Remote Usage
		Usr 0 00:00:00, Sys 0 00:00:00  -  Total Local Usage
	0  -  Run Bytes Sent By Job
	0  -  Run Bytes Received By Job
	0  -  Total Bytes Sent By Job
	0  -  Total Bytes Received By Job
	Partitionable Resources :    Usage  Request Allocated Assigned
	   Cpus                 :     0.00        1         1 
	   Disk (KB)            :  1000        1000    391710 
	   Gpus                 :                 1         1 "CUDA0"
	   Memory (MB)          :     3           1       128 
...
000 (33856096.000.000) 04/26 00:34:19 Job submitted from host: <10.10.35.100:9618?addrs=10.10.35.100-9618&noUDP&sock=10117_ffbd_3>
...
001 (33856096.000.000) 04/26 00:34:20 Job executing on host: <10.10.35.62:9618?addrs=10.10.35.62-9618&noUDP&sock=2563_9552_3>
...
006 (33856096.000.000) 04/26 00:34:29 Image size of job updated: 57532
	4  -  MemoryUsage of job (MB)
	3092  -  ResidentSetSize of job (KB)
...
006 (33856096.000.000) 04/26 00:39:30 Image size of job updated: 9858756
	4  -  MemoryUsage of job (MB)
	3096  -  ResidentSetSize of job (KB)
...
006 (33856096.000.000) 04/26 00:44:31 Image size of job updated: 26515088
	2392  -  MemoryUsage of job (MB)
	2448960  -  ResidentSetSize of job (KB)
...
006 (33856096.000.000) 04/26 00:49:31 Image size of job updated: 38105432
	2573  -  MemoryUsage of job (MB)
	2633816  -  ResidentSetSize of job (KB)
...
006 (33856096.000.000) 04/26 00:54:32 Image size of job updated: 38144372
	2691  -  MemoryUsage of job (MB)
	2754916  -  ResidentSetSize of job (KB)
...
005 (33856096.000.000) 04/26 01:34:24 Job terminated.
	(1) Normal termination (return value 255)
		Usr 0 00:49:22, Sys 0 00:01:25  -  Run Remote Usage
		Usr 0 00:00:00, Sys 0 00:00:00  -  Run Local Usage
		Usr 0 00:49:22, Sys 0 00:01:25  -  Total Remote Usage
		Usr 0 00:00:00, Sys 0 00:00:00  -  Total Local Usage
	0  -  Run Bytes Sent By Job
	0  -  Run Bytes Received By Job
	0  -  Total Bytes Sent By Job
	0  -  Total Bytes Received By Job
	Partitionable Resources :    Usage  Request Allocated Assigned
	   Cpus                 :        0        1         1 
	   Disk (KB)            :     1000     1000    391710 
	   Gpus                 :                 1         1 "CUDA2"
	   Memory (MB)          :     2691        1       128 
...
000 (33971114.000.000) 05/09 16:05:55 Job submitted from host: <10.10.35.100:9618?addrs=10.10.35.100-9618&noUDP&sock=10117_ffbd_3>
...
001 (33971114.000.000) 05/09 16:05:56 Job executing on host: <10.10.35.62:9618?addrs=10.10.35.62-9618&noUDP&sock=2563_9552_3>
...
006 (33971114.000.000) 05/09 16:06:05 Image size of job updated: 56236
	4  -  MemoryUsage of job (MB)
	3096  -  ResidentSetSize of job (KB)
...
006 (33971114.000.000) 05/09 16:11:05 Image size of job updated: 21810784
	2566  -  MemoryUsage of job (MB)
	2626796  -  ResidentSetSize of job (KB)
...
006 (33971114.000.000) 05/09 16:16:05 Image size of job updated: 25215140
	2635  -  MemoryUsage of job (MB)
	2697792  -  ResidentSetSize of job (KB)
...
006 (33971114.000.000) 05/09 16:21:06 Image size of job updated: 27268972
	2635  -  MemoryUsage of job (MB)
	2697792  -  ResidentSetSize of job (KB)
...
006 (33971114.000.000) 05/09 16:36:08 Image size of job updated: 27268972
	2656  -  MemoryUsage of job (MB)
	2719492  -  ResidentSetSize of job (KB)
...
006 (33971114.000.000) 05/09 16:51:09 Image size of job updated: 38003832
	2656  -  MemoryUsage of job (MB)
	2719492  -  ResidentSetSize of job (KB)
...
005 (33971114.000.000) 05/09 21:49:57 Job terminated.
	(1) Normal termination (return value 255)
		Usr 0 00:19:40, Sys 0 00:18:33  -  Run Remote Usage
		Usr 0 00:00:00, Sys 0 00:00:00  -  Run Local Usage
		Usr 0 00:19:40, Sys 0 00:18:33  -  Total Remote Usage
		Usr 0 00:00:00, Sys 0 00:00:00  -  Total Local Usage
	0  -  Run Bytes Sent By Job
	0  -  Run Bytes Received By Job
	0  -  Total Bytes Sent By Job
	0  -  Total Bytes Received By Job
	Partitionable Resources :    Usage  Request Allocated Assigned
	   Cpus                 :        0        1         1 
	   Disk (KB)            :     1000     1000    391710 
	   Gpus                 :                 1         1 "CUDA0"
	   Memory (MB)          :     2656        1       128 
...
000 (33991904.000.000) 05/12 21:16:51 Job submitted from host: <10.10.35.100:9618?addrs=10.10.35.100-9618&noUDP&sock=10117_ffbd_3>
...
001 (33991904.000.000) 05/12 21:16:57 Job executing on host: <10.10.35.62:9618?addrs=10.10.35.62-9618&noUDP&sock=2563_9552_3>
...
006 (33991904.000.000) 05/12 21:17:06 Image size of job updated: 56236
	4  -  MemoryUsage of job (MB)
	3096  -  ResidentSetSize of job (KB)
...
006 (33991904.000.000) 05/12 21:22:06 Image size of job updated: 20363600
	2371  -  MemoryUsage of job (MB)
	2427608  -  ResidentSetSize of job (KB)
...
006 (33991904.000.000) 05/12 21:27:07 Image size of job updated: 26873844
	2371  -  MemoryUsage of job (MB)
	2427608  -  ResidentSetSize of job (KB)
...
006 (33991904.000.000) 05/12 21:57:11 Image size of job updated: 26873844
	2451  -  MemoryUsage of job (MB)
	2509560  -  ResidentSetSize of job (KB)
...
005 (33991904.000.000) 05/12 22:16:39 Job terminated.
	(1) Normal termination (return value 255)
		Usr 0 00:09:20, Sys 0 00:02:25  -  Run Remote Usage
		Usr 0 00:00:00, Sys 0 00:00:00  -  Run Local Usage
		Usr 0 00:09:20, Sys 0 00:02:25  -  Total Remote Usage
		Usr 0 00:00:00, Sys 0 00:00:00  -  Total Local Usage
	0  -  Run Bytes Sent By Job
	0  -  Run Bytes Received By Job
	0  -  Total Bytes Sent By Job
	0  -  Total Bytes Received By Job
	Partitionable Resources :    Usage  Request Allocated Assigned
	   Cpus                 :        0        1         1 
	   Disk (KB)            :     1000     1000    391710 
	   Gpus                 :                 1         1 "CUDA0"
	   Memory (MB)          :     2451        1       128 
...
000 (34004165.000.000) 05/13 14:00:49 Job submitted from host: <10.10.35.100:9618?addrs=10.10.35.100-9618&noUDP&sock=10117_ffbd_3>
...
001 (34004165.000.000) 05/13 14:00:50 Job executing on host: <10.10.35.62:9618?addrs=10.10.35.62-9618&noUDP&sock=2563_9552_3>
...
006 (34004165.000.000) 05/13 14:00:59 Image size of job updated: 57532
	3  -  MemoryUsage of job (MB)
	2868  -  ResidentSetSize of job (KB)
...
006 (34004165.000.000) 05/13 14:05:59 Image size of job updated: 40699512
	1578  -  MemoryUsage of job (MB)
	1614996  -  ResidentSetSize of job (KB)
...
006 (34004165.000.000) 05/13 14:10:59 Image size of job updated: 40785024
	1578  -  MemoryUsage of job (MB)
	1614996  -  ResidentSetSize of job (KB)
...
006 (34004165.000.000) 05/13 14:16:00 Image size of job updated: 41784280
	1967  -  MemoryUsage of job (MB)
	2013500  -  ResidentSetSize of job (KB)
...
005 (34004165.000.000) 05/13 15:32:30 Job terminated.
	(1) Normal termination (return value 255)
		Usr 0 00:11:23, Sys 0 00:00:56  -  Run Remote Usage
		Usr 0 00:00:00, Sys 0 00:00:00  -  Run Local Usage
		Usr 0 00:11:23, Sys 0 00:00:56  -  Total Remote Usage
		Usr 0 00:00:00, Sys 0 00:00:00  -  Total Local Usage
	0  -  Run Bytes Sent By Job
	0  -  Run Bytes Received By Job
	0  -  Total Bytes Sent By Job
	0  -  Total Bytes Received By Job
	Partitionable Resources :    Usage  Request Allocated Assigned
	   Cpus                 :        0        1         1 
	   Disk (KB)            :     1000     1000    391710 
	   Gpus                 :                 1         1 "CUDA4"
	   Memory (MB)          :     1967        1       128 
...
